[2026-05-31 02:39:08,773] 1025 httpx - INFO - HTTP Request: GET https://dagshub.com/api/v1/user "HTTP/1.1 200 OK"
[2026-05-31 02:39:08,783] 107 dagshub - INFO - Accessing as Kartiksingh007
[2026-05-31 02:39:09,610] 1025 httpx - INFO - HTTP Request: GET https://dagshub.com/api/v1/repos/Kartiksingh007/networksecurity "HTTP/1.1 200 OK"
[2026-05-31 02:39:10,461] 1025 httpx - INFO - HTTP Request: GET https://dagshub.com/api/v1/user "HTTP/1.1 200 OK"
[2026-05-31 02:39:10,462] 107 dagshub - INFO - Initialized MLflow to track repo "Kartiksingh007/networksecurity"
[2026-05-31 02:39:10,462] 107 dagshub - INFO - Repository Kartiksingh007/networksecurity initialized!
[2026-05-31 02:39:19,105] 33 root - INFO - Start Data Ingestion
[2026-05-31 02:39:19,225] 96 pymongo.serverSelection - INFO - {"message": "Waiting for suitable server to become available", "selector": "Primary()", "operation": "listDatabases", "topologyDescription": "<TopologyDescription id: 6a1b51ffdbd07875108be9f4, topology_type: ReplicaSetNoPrimary, servers: [<ServerDescription ('ac-jflgynl-shard-00-00.iohdoef.mongodb.net', 27017) server_type: Unknown, rtt: None>, <ServerDescription ('ac-jflgynl-shard-00-01.iohdoef.mongodb.net', 27017) server_type: Unknown, rtt: None>, <ServerDescription ('ac-jflgynl-shard-00-02.iohdoef.mongodb.net', 27017) server_type: Unknown, rtt: None>]>", "clientId": {"$oid": "6a1b51ffdbd07875108be9f4"}, "remainingTimeMS": 29}
[2026-05-31 02:39:22,148] 90 root - INFO - Performed train test split on the dataframe
[2026-05-31 02:39:22,148] 92 root - INFO - Excited split_data_as_train_test method of Data_Ingestion class
[2026-05-31 02:39:22,149] 99 root - INFO - Exporting train and test file path 
[2026-05-31 02:39:22,237] 108 root - INFO - Exported Train and test file path
[2026-05-31 02:39:22,237] 36 root - INFO - Data Ingestion Completed :DataIngestionArtifact(trained_file_path='Artifacts/05_31_2026_02_39_06/data_ingestion/ ingested/train.csv', test_file_path='Artifacts/05_31_2026_02_39_06/data_ingestion/ ingested/test.csv')
[2026-05-31 02:39:22,239] 46 root - INFO - Initiate data Validation
[2026-05-31 02:39:22,265] 34 root - INFO - Required numbers of columns:2
[2026-05-31 02:39:22,265] 35 root - INFO - Dataframe has columns:31
[2026-05-31 02:39:22,265] 34 root - INFO - Required numbers of columns:2
[2026-05-31 02:39:22,265] 35 root - INFO - Dataframe has columns:31
[2026-05-31 02:39:22,425] 48 root - INFO - Data Validation Completed
[2026-05-31 02:39:22,425] 55 root - INFO - Entered initiate data_transformation method of Data Transformation class
[2026-05-31 02:39:22,425] 57 root - INFO - Starting data transformation
[2026-05-31 02:39:22,453] 43 root - INFO - Entered get_data_transformer_object methods of transformation class
[2026-05-31 02:39:22,453] 46 root - INFO - Initialize KNNImputer with {'missing_values': nan, 'n_neighbors': 3, 'weights': 'uniform'}
[2026-05-31 02:39:22,463] 48 root - INFO - Entered the save_obj methods of Make utils class
[2026-05-31 02:39:22,469] 52 root - INFO - Exited the save_obj method of Mainutils class
[2026-05-31 02:39:22,469] 48 root - INFO - Entered the save_obj methods of Make utils class
[2026-05-31 02:39:22,478] 52 root - INFO - Exited the save_obj method of Mainutils class
