[2026-05-30 17:41:04,429] 1025 httpx - INFO - HTTP Request: GET https://dagshub.com/api/v1/user "HTTP/1.1 200 OK"
[2026-05-30 17:41:04,436] 107 dagshub - INFO - Accessing as Kartiksingh007
[2026-05-30 17:41:05,373] 1025 httpx - INFO - HTTP Request: GET https://dagshub.com/api/v1/repos/Kartiksingh007/networksecurity "HTTP/1.1 200 OK"
[2026-05-30 17:41:05,778] 1025 httpx - INFO - HTTP Request: GET https://dagshub.com/api/v1/user "HTTP/1.1 200 OK"
[2026-05-30 17:41:05,782] 107 dagshub - INFO - Initialized MLflow to track repo "Kartiksingh007/networksecurity"
[2026-05-30 17:41:05,782] 107 dagshub - INFO - Repository Kartiksingh007/networksecurity initialized!
[2026-05-30 17:41:05,965] 18 root - INFO - Initiate data ingestion
[2026-05-30 17:41:05,966] 96 pymongo.serverSelection - INFO - {"message": "Waiting for suitable server to become available", "selector": "Primary()", "operation": "listDatabases", "topologyDescription": "<TopologyDescription id: 6a1ad3d9bc5f887ace52091a, topology_type: ReplicaSetNoPrimary, servers: [<ServerDescription ('ac-jflgynl-shard-00-00.iohdoef.mongodb.net', 27017) server_type: Unknown, rtt: None>, <ServerDescription ('ac-jflgynl-shard-00-01.iohdoef.mongodb.net', 27017) server_type: Unknown, rtt: None>, <ServerDescription ('ac-jflgynl-shard-00-02.iohdoef.mongodb.net', 27017) server_type: Unknown, rtt: None>]>", "clientId": {"$oid": "6a1ad3d9bc5f887ace52091a"}, "remainingTimeMS": 29}
[2026-05-30 17:41:10,457] 90 root - INFO - Performed train test split on the dataframe
[2026-05-30 17:41:10,457] 92 root - INFO - Excited split_data_as_train_test method of Data_Ingestion class
[2026-05-30 17:41:10,458] 99 root - INFO - Exporting train and test file path 
[2026-05-30 17:41:10,544] 108 root - INFO - Exported Train and test file path
[2026-05-30 17:41:10,544] 20 root - INFO - Data initiation Completed
[2026-05-30 17:41:10,546] 25 root - INFO - Initiate data Validation
[2026-05-30 17:41:10,571] 34 root - INFO - Required numbers of columns:2
[2026-05-30 17:41:10,571] 35 root - INFO - Dataframe has columns:31
[2026-05-30 17:41:10,571] 34 root - INFO - Required numbers of columns:2
[2026-05-30 17:41:10,571] 35 root - INFO - Dataframe has columns:31
[2026-05-30 17:41:10,746] 27 root - INFO - Data Validation Completed
[2026-05-30 17:41:10,746] 31 root - INFO - Data transformation started
[2026-05-30 17:41:10,746] 55 root - INFO - Entered initiate data_transformation method of Data Transformation class
[2026-05-30 17:41:10,746] 57 root - INFO - Starting data transformation
[2026-05-30 17:41:10,775] 43 root - INFO - Entered get_data_transformer_object methods of transformation class
[2026-05-30 17:41:10,775] 46 root - INFO - Initialize KNNImputer with {'missing_values': nan, 'n_neighbors': 3, 'weights': 'uniform'}
[2026-05-30 17:41:10,783] 48 root - INFO - Entered the save_obj methods of Make utils class
[2026-05-30 17:41:10,786] 52 root - INFO - Exited the save_obj method of Mainutils class
[2026-05-30 17:41:10,786] 48 root - INFO - Entered the save_obj methods of Make utils class
[2026-05-30 17:41:10,789] 52 root - INFO - Exited the save_obj method of Mainutils class
[2026-05-30 17:41:10,789] 36 root - INFO - Data Transformation completed
[2026-05-30 17:41:10,789] 38 root - INFO - Data Transformation completed
[2026-05-30 17:41:10,789] 48 root - INFO - Model Training Started
[2026-05-30 17:47:37,840] 48 root - INFO - Entered the save_obj methods of Make utils class
[2026-05-30 17:47:37,880] 52 root - INFO - Exited the save_obj method of Mainutils class
[2026-05-30 17:47:37,881] 48 root - INFO - Entered the save_obj methods of Make utils class
[2026-05-30 17:47:37,899] 52 root - INFO - Exited the save_obj method of Mainutils class
[2026-05-30 17:47:37,899] 119 root - INFO - Model Trainer Artifact:ModelTrainerArtifact(trained_model_file_path='Artifacts/05_30_2026_17_41_01/model_trainer/model.pkl', trained_metrics_artifact=ClassificationMetricsArtifact(f1_score=0.9914489471727448, precision_score=0.9905450124940907, recall_score=0.9923545331529093), test_metrics_artifact=ClassificationMetricsArtifact(f1_score=0.9879583276958464, precision_score=0.9867567567567568, recall_score=0.9891628285017611))
[2026-05-30 17:47:37,900] 50 root - INFO - Model Training Completed
