[2026-05-31 01:52:14,269] 1025 httpx - INFO - HTTP Request: GET https://dagshub.com/api/v1/user "HTTP/1.1 200 OK"
[2026-05-31 01:52:14,272] 107 dagshub - INFO - Accessing as Kartiksingh007
[2026-05-31 01:52:15,099] 1025 httpx - INFO - HTTP Request: GET https://dagshub.com/api/v1/repos/Kartiksingh007/networksecurity "HTTP/1.1 200 OK"
[2026-05-31 01:52:15,948] 1025 httpx - INFO - HTTP Request: GET https://dagshub.com/api/v1/user "HTTP/1.1 200 OK"
[2026-05-31 01:52:15,949] 107 dagshub - INFO - Initialized MLflow to track repo "Kartiksingh007/networksecurity"
[2026-05-31 01:52:15,949] 107 dagshub - INFO - Repository Kartiksingh007/networksecurity initialized!
[2026-05-31 01:53:09,595] 33 root - INFO - Start Data Ingestion
[2026-05-31 01:53:09,707] 96 pymongo.serverSelection - INFO - {"message": "Waiting for suitable server to become available", "selector": "Primary()", "operation": "listDatabases", "topologyDescription": "<TopologyDescription id: 6a1b472dae2c8ad4a51ca4c1, topology_type: ReplicaSetNoPrimary, servers: [<ServerDescription ('ac-jflgynl-shard-00-00.iohdoef.mongodb.net', 27017) server_type: Unknown, rtt: None>, <ServerDescription ('ac-jflgynl-shard-00-01.iohdoef.mongodb.net', 27017) server_type: Unknown, rtt: None>, <ServerDescription ('ac-jflgynl-shard-00-02.iohdoef.mongodb.net', 27017) server_type: Unknown, rtt: None>]>", "clientId": {"$oid": "6a1b472dae2c8ad4a51ca4c1"}, "remainingTimeMS": 29}
[2026-05-31 01:53:12,124] 90 root - INFO - Performed train test split on the dataframe
[2026-05-31 01:53:12,124] 92 root - INFO - Excited split_data_as_train_test method of Data_Ingestion class
[2026-05-31 01:53:12,125] 99 root - INFO - Exporting train and test file path 
[2026-05-31 01:53:12,215] 108 root - INFO - Exported Train and test file path
[2026-05-31 01:53:12,215] 36 root - INFO - Data Ingestion Completed :DataIngestionArtifact(trained_file_path='Artifacts/05_31_2026_01_52_12/data_ingestion/ ingested/train.csv', test_file_path='Artifacts/05_31_2026_01_52_12/data_ingestion/ ingested/test.csv')
[2026-05-31 01:53:12,217] 46 root - INFO - Initiate data Validation
[2026-05-31 01:53:12,245] 34 root - INFO - Required numbers of columns:2
[2026-05-31 01:53:12,245] 35 root - INFO - Dataframe has columns:31
[2026-05-31 01:53:12,245] 34 root - INFO - Required numbers of columns:2
[2026-05-31 01:53:12,245] 35 root - INFO - Dataframe has columns:31
[2026-05-31 01:53:12,415] 48 root - INFO - Data Validation Completed
[2026-05-31 01:53:12,415] 55 root - INFO - Entered initiate data_transformation method of Data Transformation class
[2026-05-31 01:53:12,415] 57 root - INFO - Starting data transformation
[2026-05-31 01:53:12,444] 43 root - INFO - Entered get_data_transformer_object methods of transformation class
[2026-05-31 01:53:12,444] 46 root - INFO - Initialize KNNImputer with {'missing_values': nan, 'n_neighbors': 3, 'weights': 'uniform'}
[2026-05-31 01:53:12,452] 48 root - INFO - Entered the save_obj methods of Make utils class
[2026-05-31 01:53:12,455] 52 root - INFO - Exited the save_obj method of Mainutils class
[2026-05-31 01:53:12,455] 48 root - INFO - Entered the save_obj methods of Make utils class
[2026-05-31 01:53:12,457] 52 root - INFO - Exited the save_obj method of Mainutils class
[2026-05-31 01:59:26,703] 48 root - INFO - Entered the save_obj methods of Make utils class
[2026-05-31 01:59:26,718] 52 root - INFO - Exited the save_obj method of Mainutils class
[2026-05-31 01:59:26,718] 48 root - INFO - Entered the save_obj methods of Make utils class
[2026-05-31 01:59:26,725] 52 root - INFO - Exited the save_obj method of Mainutils class
[2026-05-31 01:59:26,725] 119 root - INFO - Model Trainer Artifact:ModelTrainerArtifact(trained_model_file_path='Artifacts/05_31_2026_01_52_12/model_trainer/model.pkl', trained_metrics_artifact=ClassificationMetricsArtifact(f1_score=0.9907615816172272, precision_score=0.9880729027070491, recall_score=0.993464932965034), test_metrics_artifact=ClassificationMetricsArtifact(f1_score=0.9899601155274378, precision_score=0.9879220422728521, recall_score=0.9920066152149944))
