[2026-05-29 04:41:42,290] 18 root - INFO - Initiate data ingestion
[2026-05-29 04:41:42,291] 96 pymongo.serverSelection - INFO - {"message": "Waiting for suitable server to become available", "selector": "Primary()", "operation": "listDatabases", "topologyDescription": "<TopologyDescription id: 6a18cbae4680c81232e04bd6, topology_type: ReplicaSetNoPrimary, servers: [<ServerDescription ('ac-jflgynl-shard-00-00.iohdoef.mongodb.net', 27017) server_type: Unknown, rtt: None>, <ServerDescription ('ac-jflgynl-shard-00-01.iohdoef.mongodb.net', 27017) server_type: Unknown, rtt: None>, <ServerDescription ('ac-jflgynl-shard-00-02.iohdoef.mongodb.net', 27017) server_type: Unknown, rtt: None>]>", "clientId": {"$oid": "6a18cbae4680c81232e04bd6"}, "remainingTimeMS": 29}
[2026-05-29 04:41:44,321] 90 root - INFO - Performed train test split on the dataframe
[2026-05-29 04:41:44,321] 92 root - INFO - Excited split_data_as_train_test method of Data_Ingestion class
[2026-05-29 04:41:44,321] 99 root - INFO - Exporting train and test file path 
[2026-05-29 04:41:44,409] 108 root - INFO - Exported Train and test file path
[2026-05-29 04:41:44,409] 20 root - INFO - Data initiation Completed
[2026-05-29 04:41:44,411] 25 root - INFO - Initiate data Validation
[2026-05-29 04:41:44,443] 34 root - INFO - Required numbers of columns:2
[2026-05-29 04:41:44,443] 35 root - INFO - Dataframe has columns:31
[2026-05-29 04:41:44,443] 34 root - INFO - Required numbers of columns:2
[2026-05-29 04:41:44,443] 35 root - INFO - Dataframe has columns:31
[2026-05-29 04:41:44,597] 27 root - INFO - Data Validation Completed
[2026-05-29 04:41:44,597] 31 root - INFO - Data transformation started
[2026-05-29 04:41:44,597] 55 root - INFO - Entered initiate data_transformation method of Data Transformation class
[2026-05-29 04:41:44,597] 57 root - INFO - Starting data transformation
[2026-05-29 04:41:44,630] 43 root - INFO - Entered get_data_transformer_object methods of transformation class
[2026-05-29 04:41:44,630] 46 root - INFO - Initialize KNNImputer with {'missing_values': nan, 'n_neighbors': 3, 'weights': 'uniform'}
[2026-05-29 04:41:44,638] 48 root - INFO - Entered the save_obj methods of Make utils class
[2026-05-29 04:41:44,641] 52 root - INFO - Exited the save_obj method of Mainutils class
[2026-05-29 04:41:44,641] 36 root - INFO - Data Transformation completed
[2026-05-29 04:41:44,642] 38 root - INFO - Data Transformation completed
[2026-05-29 04:41:44,642] 48 root - INFO - Model Training Started
