[2026-05-29 19:42:01,559] 18 root - INFO - Initiate data ingestion
[2026-05-29 19:42:01,559] 96 pymongo.serverSelection - INFO - {"message": "Waiting for suitable server to become available", "selector": "Primary()", "operation": "listDatabases", "topologyDescription": "<TopologyDescription id: 6a199eb1e668451996ec6f53, topology_type: ReplicaSetNoPrimary, servers: [<ServerDescription ('ac-jflgynl-shard-00-00.iohdoef.mongodb.net', 27017) server_type: Unknown, rtt: None>, <ServerDescription ('ac-jflgynl-shard-00-01.iohdoef.mongodb.net', 27017) server_type: Unknown, rtt: None>, <ServerDescription ('ac-jflgynl-shard-00-02.iohdoef.mongodb.net', 27017) server_type: Unknown, rtt: None>]>", "clientId": {"$oid": "6a199eb1e668451996ec6f53"}, "remainingTimeMS": 29}
[2026-05-29 19:42:04,051] 90 root - INFO - Performed train test split on the dataframe
[2026-05-29 19:42:04,051] 92 root - INFO - Excited split_data_as_train_test method of Data_Ingestion class
[2026-05-29 19:42:04,051] 99 root - INFO - Exporting train and test file path 
[2026-05-29 19:42:04,135] 108 root - INFO - Exported Train and test file path
[2026-05-29 19:42:04,135] 20 root - INFO - Data initiation Completed
[2026-05-29 19:42:04,137] 25 root - INFO - Initiate data Validation
[2026-05-29 19:42:04,163] 34 root - INFO - Required numbers of columns:2
[2026-05-29 19:42:04,163] 35 root - INFO - Dataframe has columns:31
[2026-05-29 19:42:04,163] 34 root - INFO - Required numbers of columns:2
[2026-05-29 19:42:04,163] 35 root - INFO - Dataframe has columns:31
[2026-05-29 19:42:04,316] 27 root - INFO - Data Validation Completed
[2026-05-29 19:42:04,316] 31 root - INFO - Data transformation started
[2026-05-29 19:42:04,316] 55 root - INFO - Entered initiate data_transformation method of Data Transformation class
[2026-05-29 19:42:04,316] 57 root - INFO - Starting data transformation
[2026-05-29 19:42:04,342] 43 root - INFO - Entered get_data_transformer_object methods of transformation class
[2026-05-29 19:42:04,342] 46 root - INFO - Initialize KNNImputer with {'missing_values': nan, 'n_neighbors': 3, 'weights': 'uniform'}
[2026-05-29 19:42:04,349] 48 root - INFO - Entered the save_obj methods of Make utils class
[2026-05-29 19:42:04,352] 52 root - INFO - Exited the save_obj method of Mainutils class
[2026-05-29 19:42:04,352] 36 root - INFO - Data Transformation completed
[2026-05-29 19:42:04,352] 38 root - INFO - Data Transformation completed
[2026-05-29 19:42:04,352] 48 root - INFO - Model Training Started
[2026-05-29 19:47:45,321] 48 root - INFO - Entered the save_obj methods of Make utils class
[2026-05-29 19:47:45,344] 52 root - INFO - Exited the save_obj method of Mainutils class
[2026-05-29 19:47:45,344] 115 root - INFO - Model Trainer Artifact:ModelTrainerArtifact(trained_model_file_path='Artifacts/05_29_2026_19_41_59/model_trainer/trained_model', trained_metrics_artifact=ClassificationMetricsArtifact(f1_score=0.990706444878443, precision_score=0.9890412800860562, recall_score=0.9923772261198057), test_metrics_artifact=ClassificationMetricsArtifact(f1_score=0.9905647477095583, precision_score=0.9879978177850518, recall_score=0.9931450507266246))
[2026-05-29 19:47:45,345] 50 root - INFO - Model Training Completed
