[2026-05-31 12:35:06,485] 1025 httpx - INFO - HTTP Request: GET https://dagshub.com/api/v1/user "HTTP/1.1 200 OK"
[2026-05-31 12:35:06,489] 107 dagshub - INFO - Accessing as Kartiksingh007
[2026-05-31 12:35:07,450] 1025 httpx - INFO - HTTP Request: GET https://dagshub.com/api/v1/repos/Kartiksingh007/networksecurity "HTTP/1.1 200 OK"
[2026-05-31 12:35:08,229] 1025 httpx - INFO - HTTP Request: GET https://dagshub.com/api/v1/user "HTTP/1.1 200 OK"
[2026-05-31 12:35:08,230] 107 dagshub - INFO - Initialized MLflow to track repo "Kartiksingh007/networksecurity"
[2026-05-31 12:35:08,230] 107 dagshub - INFO - Repository Kartiksingh007/networksecurity initialized!
[2026-05-31 12:35:14,858] 33 root - INFO - Start Data Ingestion
[2026-05-31 12:35:14,934] 96 pymongo.serverSelection - INFO - {"message": "Waiting for suitable server to become available", "selector": "Primary()", "operation": "listDatabases", "topologyDescription": "<TopologyDescription id: 6a1bddaa67c53dc0a76266ad, topology_type: ReplicaSetNoPrimary, servers: [<ServerDescription ('ac-jflgynl-shard-00-00.iohdoef.mongodb.net', 27017) server_type: Unknown, rtt: None>, <ServerDescription ('ac-jflgynl-shard-00-01.iohdoef.mongodb.net', 27017) server_type: Unknown, rtt: None>, <ServerDescription ('ac-jflgynl-shard-00-02.iohdoef.mongodb.net', 27017) server_type: Unknown, rtt: None>]>", "clientId": {"$oid": "6a1bddaa67c53dc0a76266ad"}, "remainingTimeMS": 29}
[2026-05-31 12:35:19,038] 90 root - INFO - Performed train test split on the dataframe
[2026-05-31 12:35:19,038] 92 root - INFO - Excited split_data_as_train_test method of Data_Ingestion class
[2026-05-31 12:35:19,038] 99 root - INFO - Exporting train and test file path 
[2026-05-31 12:35:19,123] 108 root - INFO - Exported Train and test file path
[2026-05-31 12:35:19,123] 36 root - INFO - Data Ingestion Completed :DataIngestionArtifact(trained_file_path='Artifacts/05_31_2026_12_35_04/data_ingestion/ ingested/train.csv', test_file_path='Artifacts/05_31_2026_12_35_04/data_ingestion/ ingested/test.csv')
[2026-05-31 12:35:19,127] 46 root - INFO - Initiate data Validation
[2026-05-31 12:35:19,153] 34 root - INFO - Required numbers of columns:2
[2026-05-31 12:35:19,153] 35 root - INFO - Dataframe has columns:31
[2026-05-31 12:35:19,153] 34 root - INFO - Required numbers of columns:2
[2026-05-31 12:35:19,153] 35 root - INFO - Dataframe has columns:31
[2026-05-31 12:35:19,308] 48 root - INFO - Data Validation Completed
[2026-05-31 12:35:19,308] 55 root - INFO - Entered initiate data_transformation method of Data Transformation class
[2026-05-31 12:35:19,308] 57 root - INFO - Starting data transformation
[2026-05-31 12:35:19,336] 43 root - INFO - Entered get_data_transformer_object methods of transformation class
[2026-05-31 12:35:19,336] 46 root - INFO - Initialize KNNImputer with {'missing_values': nan, 'n_neighbors': 3, 'weights': 'uniform'}
[2026-05-31 12:35:19,344] 48 root - INFO - Entered the save_obj methods of Make utils class
[2026-05-31 12:35:19,354] 52 root - INFO - Exited the save_obj method of Mainutils class
[2026-05-31 12:35:19,354] 48 root - INFO - Entered the save_obj methods of Make utils class
[2026-05-31 12:35:19,363] 52 root - INFO - Exited the save_obj method of Mainutils class
[2026-05-31 12:41:27,569] 48 root - INFO - Entered the save_obj methods of Make utils class
[2026-05-31 12:41:27,574] 52 root - INFO - Exited the save_obj method of Mainutils class
[2026-05-31 12:41:27,574] 48 root - INFO - Entered the save_obj methods of Make utils class
[2026-05-31 12:41:27,592] 52 root - INFO - Exited the save_obj method of Mainutils class
[2026-05-31 12:41:27,592] 119 root - INFO - Model Trainer Artifact:ModelTrainerArtifact(trained_model_file_path='Artifacts/05_31_2026_12_35_04/model_trainer/model.pkl', trained_metrics_artifact=ClassificationMetricsArtifact(f1_score=0.9906992532247114, precision_score=0.9882838954354598, recall_score=0.9931264461685042), test_metrics_artifact=ClassificationMetricsArtifact(f1_score=0.9906270627062707, precision_score=0.9878883622959452, recall_score=0.9933809902038655))
