[2026-05-29 13:54:35,047] 18 root - INFO - Initiate data ingestion
[2026-05-29 13:54:35,047] 96 pymongo.serverSelection - INFO - {"message": "Waiting for suitable server to become available", "selector": "Primary()", "operation": "listDatabases", "topologyDescription": "<TopologyDescription id: 6a194d43d6f34b32b426156a, topology_type: ReplicaSetNoPrimary, servers: [<ServerDescription ('ac-jflgynl-shard-00-00.iohdoef.mongodb.net', 27017) server_type: Unknown, rtt: None>, <ServerDescription ('ac-jflgynl-shard-00-01.iohdoef.mongodb.net', 27017) server_type: Unknown, rtt: None>, <ServerDescription ('ac-jflgynl-shard-00-02.iohdoef.mongodb.net', 27017) server_type: Unknown, rtt: None>]>", "clientId": {"$oid": "6a194d43d6f34b32b426156a"}, "remainingTimeMS": 29}
[2026-05-29 13:54:37,258] 90 root - INFO - Performed train test split on the dataframe
[2026-05-29 13:54:37,258] 92 root - INFO - Excited split_data_as_train_test method of Data_Ingestion class
[2026-05-29 13:54:37,258] 99 root - INFO - Exporting train and test file path 
[2026-05-29 13:54:37,345] 108 root - INFO - Exported Train and test file path
[2026-05-29 13:54:37,345] 20 root - INFO - Data initiation Completed
[2026-05-29 13:54:37,348] 25 root - INFO - Initiate data Validation
[2026-05-29 13:54:37,380] 34 root - INFO - Required numbers of columns:2
[2026-05-29 13:54:37,380] 35 root - INFO - Dataframe has columns:31
[2026-05-29 13:54:37,380] 34 root - INFO - Required numbers of columns:2
[2026-05-29 13:54:37,380] 35 root - INFO - Dataframe has columns:31
[2026-05-29 13:54:37,539] 27 root - INFO - Data Validation Completed
[2026-05-29 13:54:37,539] 31 root - INFO - Data transformation started
[2026-05-29 13:54:37,539] 55 root - INFO - Entered initiate data_transformation method of Data Transformation class
[2026-05-29 13:54:37,539] 57 root - INFO - Starting data transformation
[2026-05-29 13:54:37,572] 43 root - INFO - Entered get_data_transformer_object methods of transformation class
[2026-05-29 13:54:37,572] 46 root - INFO - Initialize KNNImputer with {'missing_values': nan, 'n_neighbors': 3, 'weights': 'uniform'}
[2026-05-29 13:54:37,581] 48 root - INFO - Entered the save_obj methods of Make utils class
[2026-05-29 13:54:37,584] 52 root - INFO - Exited the save_obj method of Mainutils class
[2026-05-29 13:54:37,584] 36 root - INFO - Data Transformation completed
[2026-05-29 13:54:37,584] 38 root - INFO - Data Transformation completed
[2026-05-29 13:54:37,584] 48 root - INFO - Model Training Started
[2026-05-29 14:00:15,351] 48 root - INFO - Entered the save_obj methods of Make utils class
[2026-05-29 14:00:15,353] 52 root - INFO - Exited the save_obj method of Mainutils class
[2026-05-29 14:00:15,353] 98 root - INFO - Model Trainer Artifact:ModelTrainerArtifact(trained_model_file_path='Artifacts/05_29_2026_13_54_33/model_trainer/trained_model', trained_metrics_artifact=ClassificationMetricsArtifact(f1_score=0.9911151650282085, precision_score=0.9902119616578912, recall_score=0.9920200175830121), test_metrics_artifact=ClassificationMetricsArtifact(f1_score=0.9884683218016551, precision_score=0.9880661784648765, recall_score=0.988870792616721))
[2026-05-29 14:00:15,354] 50 root - INFO - Model Training Completed
