[2026-05-30 17:18:26,724] 1025 httpx - INFO - HTTP Request: GET https://dagshub.com/api/v1/user "HTTP/1.1 200 OK"
[2026-05-30 17:18:26,734] 107 dagshub - INFO - Accessing as Kartiksingh007
[2026-05-30 17:18:27,668] 1025 httpx - INFO - HTTP Request: GET https://dagshub.com/api/v1/repos/Kartiksingh007/networksecurity "HTTP/1.1 200 OK"
[2026-05-30 17:18:28,584] 1025 httpx - INFO - HTTP Request: GET https://dagshub.com/api/v1/user "HTTP/1.1 200 OK"
[2026-05-30 17:18:28,588] 107 dagshub - INFO - Initialized MLflow to track repo "Kartiksingh007/networksecurity"
[2026-05-30 17:18:28,589] 107 dagshub - INFO - Repository Kartiksingh007/networksecurity initialized!
[2026-05-30 17:18:28,759] 18 root - INFO - Initiate data ingestion
[2026-05-30 17:18:28,759] 96 pymongo.serverSelection - INFO - {"message": "Waiting for suitable server to become available", "selector": "Primary()", "operation": "listDatabases", "topologyDescription": "<TopologyDescription id: 6a1ace8c363c4829e74a5686, topology_type: ReplicaSetNoPrimary, servers: [<ServerDescription ('ac-jflgynl-shard-00-00.iohdoef.mongodb.net', 27017) server_type: Unknown, rtt: None>, <ServerDescription ('ac-jflgynl-shard-00-01.iohdoef.mongodb.net', 27017) server_type: Unknown, rtt: None>, <ServerDescription ('ac-jflgynl-shard-00-02.iohdoef.mongodb.net', 27017) server_type: Unknown, rtt: None>]>", "clientId": {"$oid": "6a1ace8c363c4829e74a5686"}, "remainingTimeMS": 29}
[2026-05-30 17:18:30,809] 90 root - INFO - Performed train test split on the dataframe
[2026-05-30 17:18:30,809] 92 root - INFO - Excited split_data_as_train_test method of Data_Ingestion class
[2026-05-30 17:18:30,810] 99 root - INFO - Exporting train and test file path 
[2026-05-30 17:18:30,894] 108 root - INFO - Exported Train and test file path
[2026-05-30 17:18:30,894] 20 root - INFO - Data initiation Completed
[2026-05-30 17:18:30,896] 25 root - INFO - Initiate data Validation
[2026-05-30 17:18:30,922] 34 root - INFO - Required numbers of columns:2
[2026-05-30 17:18:30,922] 35 root - INFO - Dataframe has columns:31
[2026-05-30 17:18:30,922] 34 root - INFO - Required numbers of columns:2
[2026-05-30 17:18:30,922] 35 root - INFO - Dataframe has columns:31
[2026-05-30 17:18:31,074] 27 root - INFO - Data Validation Completed
[2026-05-30 17:18:31,074] 31 root - INFO - Data transformation started
[2026-05-30 17:18:31,074] 55 root - INFO - Entered initiate data_transformation method of Data Transformation class
[2026-05-30 17:18:31,074] 57 root - INFO - Starting data transformation
[2026-05-30 17:18:31,100] 43 root - INFO - Entered get_data_transformer_object methods of transformation class
[2026-05-30 17:18:31,100] 46 root - INFO - Initialize KNNImputer with {'missing_values': nan, 'n_neighbors': 3, 'weights': 'uniform'}
[2026-05-30 17:18:31,107] 48 root - INFO - Entered the save_obj methods of Make utils class
[2026-05-30 17:18:31,110] 52 root - INFO - Exited the save_obj method of Mainutils class
[2026-05-30 17:18:31,110] 36 root - INFO - Data Transformation completed
[2026-05-30 17:18:31,110] 38 root - INFO - Data Transformation completed
[2026-05-30 17:18:31,110] 48 root - INFO - Model Training Started
[2026-05-30 17:24:46,381] 48 root - INFO - Entered the save_obj methods of Make utils class
[2026-05-30 17:24:46,413] 52 root - INFO - Exited the save_obj method of Mainutils class
[2026-05-30 17:24:46,413] 117 root - INFO - Model Trainer Artifact:ModelTrainerArtifact(trained_model_file_path='Artifacts/05_30_2026_17_18_24/model_trainer/model_trainer', trained_metrics_artifact=ClassificationMetricsArtifact(f1_score=0.9911391125635929, precision_score=0.9887738639419199, recall_score=0.993515704154002), test_metrics_artifact=ClassificationMetricsArtifact(f1_score=0.9884369473541015, precision_score=0.9858887381275441, recall_score=0.9909983633387889))
[2026-05-30 17:24:46,414] 50 root - INFO - Model Training Completed
