[2026-05-29 16:56:22,738] 18 root - INFO - Initiate data ingestion
[2026-05-29 16:56:22,738] 96 pymongo.serverSelection - INFO - {"message": "Waiting for suitable server to become available", "selector": "Primary()", "operation": "listDatabases", "topologyDescription": "<TopologyDescription id: 6a1977de30f7b0438666655f, topology_type: ReplicaSetNoPrimary, servers: [<ServerDescription ('ac-jflgynl-shard-00-00.iohdoef.mongodb.net', 27017) server_type: Unknown, rtt: None>, <ServerDescription ('ac-jflgynl-shard-00-01.iohdoef.mongodb.net', 27017) server_type: Unknown, rtt: None>, <ServerDescription ('ac-jflgynl-shard-00-02.iohdoef.mongodb.net', 27017) server_type: Unknown, rtt: None>]>", "clientId": {"$oid": "6a1977de30f7b0438666655f"}, "remainingTimeMS": 29}
[2026-05-29 16:56:24,831] 90 root - INFO - Performed train test split on the dataframe
[2026-05-29 16:56:24,831] 92 root - INFO - Excited split_data_as_train_test method of Data_Ingestion class
[2026-05-29 16:56:24,831] 99 root - INFO - Exporting train and test file path 
[2026-05-29 16:56:24,917] 108 root - INFO - Exported Train and test file path
[2026-05-29 16:56:24,918] 20 root - INFO - Data initiation Completed
[2026-05-29 16:56:24,920] 25 root - INFO - Initiate data Validation
[2026-05-29 16:56:24,944] 34 root - INFO - Required numbers of columns:2
[2026-05-29 16:56:24,944] 35 root - INFO - Dataframe has columns:31
[2026-05-29 16:56:24,944] 34 root - INFO - Required numbers of columns:2
[2026-05-29 16:56:24,944] 35 root - INFO - Dataframe has columns:31
[2026-05-29 16:56:25,100] 27 root - INFO - Data Validation Completed
[2026-05-29 16:56:25,100] 31 root - INFO - Data transformation started
[2026-05-29 16:56:25,100] 55 root - INFO - Entered initiate data_transformation method of Data Transformation class
[2026-05-29 16:56:25,100] 57 root - INFO - Starting data transformation
[2026-05-29 16:56:25,125] 43 root - INFO - Entered get_data_transformer_object methods of transformation class
[2026-05-29 16:56:25,125] 46 root - INFO - Initialize KNNImputer with {'missing_values': nan, 'n_neighbors': 3, 'weights': 'uniform'}
[2026-05-29 16:56:25,132] 48 root - INFO - Entered the save_obj methods of Make utils class
[2026-05-29 16:56:25,135] 52 root - INFO - Exited the save_obj method of Mainutils class
[2026-05-29 16:56:25,135] 36 root - INFO - Data Transformation completed
[2026-05-29 16:56:25,135] 38 root - INFO - Data Transformation completed
[2026-05-29 16:56:25,135] 48 root - INFO - Model Training Started
