[2026-05-29 04:39:19,901] 18 root - INFO - Initiate data ingestion
[2026-05-29 04:39:19,901] 96 pymongo.serverSelection - INFO - {"message": "Waiting for suitable server to become available", "selector": "Primary()", "operation": "listDatabases", "topologyDescription": "<TopologyDescription id: 6a18cb1f90d706f3d80a90f9, topology_type: ReplicaSetNoPrimary, servers: [<ServerDescription ('ac-jflgynl-shard-00-00.iohdoef.mongodb.net', 27017) server_type: Unknown, rtt: None>, <ServerDescription ('ac-jflgynl-shard-00-01.iohdoef.mongodb.net', 27017) server_type: Unknown, rtt: None>, <ServerDescription ('ac-jflgynl-shard-00-02.iohdoef.mongodb.net', 27017) server_type: Unknown, rtt: None>]>", "clientId": {"$oid": "6a18cb1f90d706f3d80a90f9"}, "remainingTimeMS": 29}
[2026-05-29 04:39:21,885] 90 root - INFO - Performed train test split on the dataframe
[2026-05-29 04:39:21,885] 92 root - INFO - Excited split_data_as_train_test method of Data_Ingestion class
[2026-05-29 04:39:21,885] 99 root - INFO - Exporting train and test file path 
[2026-05-29 04:39:21,969] 108 root - INFO - Exported Train and test file path
[2026-05-29 04:39:21,969] 20 root - INFO - Data initiation Completed
[2026-05-29 04:39:21,971] 25 root - INFO - Initiate data Validation
[2026-05-29 04:39:22,004] 34 root - INFO - Required numbers of columns:2
[2026-05-29 04:39:22,004] 35 root - INFO - Dataframe has columns:31
[2026-05-29 04:39:22,004] 34 root - INFO - Required numbers of columns:2
[2026-05-29 04:39:22,004] 35 root - INFO - Dataframe has columns:31
[2026-05-29 04:39:22,157] 27 root - INFO - Data Validation Completed
[2026-05-29 04:39:22,157] 31 root - INFO - Data transformation started
[2026-05-29 04:39:22,157] 55 root - INFO - Entered initiate data_transformation method of Data Transformation class
[2026-05-29 04:39:22,157] 57 root - INFO - Starting data transformation
[2026-05-29 04:39:22,189] 43 root - INFO - Entered get_data_transformer_object methods of transformation class
[2026-05-29 04:39:22,189] 46 root - INFO - Initialize KNNImputer with {'missing_values': nan, 'n_neighbors': 3, 'weights': 'uniform'}
[2026-05-29 04:39:22,197] 48 root - INFO - Entered the save_obj methods of Make utils class
[2026-05-29 04:39:22,201] 52 root - INFO - Exited the save_obj method of Mainutils class
[2026-05-29 04:39:22,201] 36 root - INFO - Data Transformation completed
[2026-05-29 04:39:22,201] 38 root - INFO - Data Transformation completed
[2026-05-29 04:39:22,201] 48 root - INFO - Model Training Started
