[2026-05-30 17:57:29,134] 1025 httpx - INFO - HTTP Request: GET https://dagshub.com/api/v1/user "HTTP/1.1 200 OK"
[2026-05-30 17:57:29,145] 107 dagshub - INFO - Accessing as Kartiksingh007
[2026-05-30 17:57:30,143] 1025 httpx - INFO - HTTP Request: GET https://dagshub.com/api/v1/repos/Kartiksingh007/networksecurity "HTTP/1.1 200 OK"
[2026-05-30 17:57:31,006] 1025 httpx - INFO - HTTP Request: GET https://dagshub.com/api/v1/user "HTTP/1.1 200 OK"
[2026-05-30 17:57:31,009] 107 dagshub - INFO - Initialized MLflow to track repo "Kartiksingh007/networksecurity"
[2026-05-30 17:57:31,009] 107 dagshub - INFO - Repository Kartiksingh007/networksecurity initialized!
[2026-05-30 17:57:31,106] 18 root - INFO - Initiate data ingestion
[2026-05-30 17:57:31,106] 96 pymongo.serverSelection - INFO - {"message": "Waiting for suitable server to become available", "selector": "Primary()", "operation": "listDatabases", "topologyDescription": "<TopologyDescription id: 6a1ad7b3166626d7deca396e, topology_type: ReplicaSetNoPrimary, servers: [<ServerDescription ('ac-jflgynl-shard-00-00.iohdoef.mongodb.net', 27017) server_type: Unknown, rtt: None>, <ServerDescription ('ac-jflgynl-shard-00-01.iohdoef.mongodb.net', 27017) server_type: Unknown, rtt: None>, <ServerDescription ('ac-jflgynl-shard-00-02.iohdoef.mongodb.net', 27017) server_type: Unknown, rtt: None>]>", "clientId": {"$oid": "6a1ad7b3166626d7deca396e"}, "remainingTimeMS": 29}
[2026-05-30 17:57:34,255] 90 root - INFO - Performed train test split on the dataframe
[2026-05-30 17:57:34,255] 92 root - INFO - Excited split_data_as_train_test method of Data_Ingestion class
[2026-05-30 17:57:34,255] 99 root - INFO - Exporting train and test file path 
[2026-05-30 17:57:34,339] 108 root - INFO - Exported Train and test file path
[2026-05-30 17:57:34,339] 20 root - INFO - Data initiation Completed
[2026-05-30 17:57:34,341] 25 root - INFO - Initiate data Validation
[2026-05-30 17:57:34,367] 34 root - INFO - Required numbers of columns:2
[2026-05-30 17:57:34,367] 35 root - INFO - Dataframe has columns:31
[2026-05-30 17:57:34,367] 34 root - INFO - Required numbers of columns:2
[2026-05-30 17:57:34,367] 35 root - INFO - Dataframe has columns:31
[2026-05-30 17:57:34,520] 27 root - INFO - Data Validation Completed
[2026-05-30 17:57:34,520] 31 root - INFO - Data transformation started
[2026-05-30 17:57:34,520] 55 root - INFO - Entered initiate data_transformation method of Data Transformation class
[2026-05-30 17:57:34,520] 57 root - INFO - Starting data transformation
[2026-05-30 17:57:34,546] 43 root - INFO - Entered get_data_transformer_object methods of transformation class
[2026-05-30 17:57:34,546] 46 root - INFO - Initialize KNNImputer with {'missing_values': nan, 'n_neighbors': 3, 'weights': 'uniform'}
[2026-05-30 17:57:34,552] 48 root - INFO - Entered the save_obj methods of Make utils class
[2026-05-30 17:57:34,555] 52 root - INFO - Exited the save_obj method of Mainutils class
[2026-05-30 17:57:34,555] 48 root - INFO - Entered the save_obj methods of Make utils class
[2026-05-30 17:57:34,557] 52 root - INFO - Exited the save_obj method of Mainutils class
[2026-05-30 17:57:34,557] 36 root - INFO - Data Transformation completed
[2026-05-30 17:57:34,557] 38 root - INFO - Data Transformation completed
[2026-05-30 17:57:34,557] 48 root - INFO - Model Training Started
[2026-05-30 18:03:38,128] 48 root - INFO - Entered the save_obj methods of Make utils class
[2026-05-30 18:03:38,141] 52 root - INFO - Exited the save_obj method of Mainutils class
[2026-05-30 18:03:38,141] 48 root - INFO - Entered the save_obj methods of Make utils class
[2026-05-30 18:03:38,147] 52 root - INFO - Exited the save_obj method of Mainutils class
[2026-05-30 18:03:38,147] 119 root - INFO - Model Trainer Artifact:ModelTrainerArtifact(trained_model_file_path='Artifacts/05_30_2026_17_57_26/model_trainer/model.pkl', trained_metrics_artifact=ClassificationMetricsArtifact(f1_score=0.9911163654788042, precision_score=0.9886118598382749, recall_score=0.9936335929563156), test_metrics_artifact=ClassificationMetricsArtifact(f1_score=0.9881752217145928, precision_score=0.9842077087794433, recall_score=0.9921748515920129))
[2026-05-30 18:03:38,148] 50 root - INFO - Model Training Completed
