[2026-05-31 02:27:38,634] 1025 httpx - INFO - HTTP Request: GET https://dagshub.com/api/v1/user "HTTP/1.1 200 OK"
[2026-05-31 02:27:38,640] 107 dagshub - INFO - Accessing as Kartiksingh007
[2026-05-31 02:27:39,524] 1025 httpx - INFO - HTTP Request: GET https://dagshub.com/api/v1/repos/Kartiksingh007/networksecurity "HTTP/1.1 200 OK"
[2026-05-31 02:27:40,307] 1025 httpx - INFO - HTTP Request: GET https://dagshub.com/api/v1/user "HTTP/1.1 200 OK"
[2026-05-31 02:27:40,307] 107 dagshub - INFO - Initialized MLflow to track repo "Kartiksingh007/networksecurity"
[2026-05-31 02:27:40,308] 107 dagshub - INFO - Repository Kartiksingh007/networksecurity initialized!
[2026-05-31 02:29:48,023] 33 root - INFO - Start Data Ingestion
[2026-05-31 02:29:48,209] 96 pymongo.serverSelection - INFO - {"message": "Waiting for suitable server to become available", "selector": "Primary()", "operation": "listDatabases", "topologyDescription": "<TopologyDescription id: 6a1b4fc449d26e22c0d01f54, topology_type: ReplicaSetNoPrimary, servers: [<ServerDescription ('ac-jflgynl-shard-00-00.iohdoef.mongodb.net', 27017) server_type: Unknown, rtt: None>, <ServerDescription ('ac-jflgynl-shard-00-01.iohdoef.mongodb.net', 27017) server_type: Unknown, rtt: None>, <ServerDescription ('ac-jflgynl-shard-00-02.iohdoef.mongodb.net', 27017) server_type: Unknown, rtt: None>]>", "clientId": {"$oid": "6a1b4fc449d26e22c0d01f54"}, "remainingTimeMS": 29}
[2026-05-31 02:29:50,229] 90 root - INFO - Performed train test split on the dataframe
[2026-05-31 02:29:50,229] 92 root - INFO - Excited split_data_as_train_test method of Data_Ingestion class
[2026-05-31 02:29:50,229] 99 root - INFO - Exporting train and test file path 
[2026-05-31 02:29:50,316] 108 root - INFO - Exported Train and test file path
[2026-05-31 02:29:50,316] 36 root - INFO - Data Ingestion Completed :DataIngestionArtifact(trained_file_path='Artifacts/05_31_2026_02_27_36/data_ingestion/ ingested/train.csv', test_file_path='Artifacts/05_31_2026_02_27_36/data_ingestion/ ingested/test.csv')
[2026-05-31 02:29:50,319] 46 root - INFO - Initiate data Validation
[2026-05-31 02:29:50,348] 34 root - INFO - Required numbers of columns:2
[2026-05-31 02:29:50,348] 35 root - INFO - Dataframe has columns:31
[2026-05-31 02:29:50,348] 34 root - INFO - Required numbers of columns:2
[2026-05-31 02:29:50,348] 35 root - INFO - Dataframe has columns:31
[2026-05-31 02:29:50,512] 48 root - INFO - Data Validation Completed
[2026-05-31 02:29:50,512] 55 root - INFO - Entered initiate data_transformation method of Data Transformation class
[2026-05-31 02:29:50,512] 57 root - INFO - Starting data transformation
[2026-05-31 02:29:50,539] 43 root - INFO - Entered get_data_transformer_object methods of transformation class
[2026-05-31 02:29:50,539] 46 root - INFO - Initialize KNNImputer with {'missing_values': nan, 'n_neighbors': 3, 'weights': 'uniform'}
[2026-05-31 02:29:50,549] 48 root - INFO - Entered the save_obj methods of Make utils class
[2026-05-31 02:29:50,557] 52 root - INFO - Exited the save_obj method of Mainutils class
[2026-05-31 02:29:50,557] 48 root - INFO - Entered the save_obj methods of Make utils class
[2026-05-31 02:29:50,569] 52 root - INFO - Exited the save_obj method of Mainutils class
[2026-05-31 02:36:21,931] 48 root - INFO - Entered the save_obj methods of Make utils class
[2026-05-31 02:36:21,980] 52 root - INFO - Exited the save_obj method of Mainutils class
[2026-05-31 02:36:21,980] 48 root - INFO - Entered the save_obj methods of Make utils class
[2026-05-31 02:36:22,021] 52 root - INFO - Exited the save_obj method of Mainutils class
[2026-05-31 02:36:22,021] 119 root - INFO - Model Trainer Artifact:ModelTrainerArtifact(trained_model_file_path='Artifacts/05_31_2026_02_27_36/model_trainer/model.pkl', trained_metrics_artifact=ClassificationMetricsArtifact(f1_score=0.99127376040046, precision_score=0.9893997704408886, recall_score=0.9931548627583869), test_metrics_artifact=ClassificationMetricsArtifact(f1_score=0.9883331098296902, precision_score=0.9850307404437316, recall_score=0.9916576964477933))
