[2026-05-29 19:58:10,913] 18 root - INFO - Initiate data ingestion
[2026-05-29 19:58:10,914] 96 pymongo.serverSelection - INFO - {"message": "Waiting for suitable server to become available", "selector": "Primary()", "operation": "listDatabases", "topologyDescription": "<TopologyDescription id: 6a19a27ae8d4591e9af6ee68, topology_type: ReplicaSetNoPrimary, servers: [<ServerDescription ('ac-jflgynl-shard-00-00.iohdoef.mongodb.net', 27017) server_type: Unknown, rtt: None>, <ServerDescription ('ac-jflgynl-shard-00-01.iohdoef.mongodb.net', 27017) server_type: Unknown, rtt: None>, <ServerDescription ('ac-jflgynl-shard-00-02.iohdoef.mongodb.net', 27017) server_type: Unknown, rtt: None>]>", "clientId": {"$oid": "6a19a27ae8d4591e9af6ee68"}, "remainingTimeMS": 29}
[2026-05-29 19:58:13,504] 90 root - INFO - Performed train test split on the dataframe
[2026-05-29 19:58:13,504] 92 root - INFO - Excited split_data_as_train_test method of Data_Ingestion class
[2026-05-29 19:58:13,504] 99 root - INFO - Exporting train and test file path 
[2026-05-29 19:58:13,588] 108 root - INFO - Exported Train and test file path
[2026-05-29 19:58:13,588] 20 root - INFO - Data initiation Completed
[2026-05-29 19:58:13,591] 25 root - INFO - Initiate data Validation
[2026-05-29 19:58:13,615] 34 root - INFO - Required numbers of columns:2
[2026-05-29 19:58:13,615] 35 root - INFO - Dataframe has columns:31
[2026-05-29 19:58:13,615] 34 root - INFO - Required numbers of columns:2
[2026-05-29 19:58:13,615] 35 root - INFO - Dataframe has columns:31
[2026-05-29 19:58:13,765] 27 root - INFO - Data Validation Completed
[2026-05-29 19:58:13,765] 31 root - INFO - Data transformation started
[2026-05-29 19:58:13,765] 55 root - INFO - Entered initiate data_transformation method of Data Transformation class
[2026-05-29 19:58:13,765] 57 root - INFO - Starting data transformation
[2026-05-29 19:58:13,790] 43 root - INFO - Entered get_data_transformer_object methods of transformation class
[2026-05-29 19:58:13,790] 46 root - INFO - Initialize KNNImputer with {'missing_values': nan, 'n_neighbors': 3, 'weights': 'uniform'}
[2026-05-29 19:58:13,797] 48 root - INFO - Entered the save_obj methods of Make utils class
[2026-05-29 19:58:13,800] 52 root - INFO - Exited the save_obj method of Mainutils class
[2026-05-29 19:58:13,800] 36 root - INFO - Data Transformation completed
[2026-05-29 19:58:13,800] 38 root - INFO - Data Transformation completed
[2026-05-29 19:58:13,800] 48 root - INFO - Model Training Started
[2026-05-29 20:03:55,538] 48 root - INFO - Entered the save_obj methods of Make utils class
[2026-05-29 20:03:55,564] 52 root - INFO - Exited the save_obj method of Mainutils class
[2026-05-29 20:03:55,564] 113 root - INFO - Model Trainer Artifact:ModelTrainerArtifact(trained_model_file_path='Artifacts/05_29_2026_19_58_09/model_trainer/trained_model', trained_metrics_artifact=ClassificationMetricsArtifact(f1_score=0.9915219750406945, precision_score=0.9891069012178619, recall_score=0.9939488713625237), test_metrics_artifact=ClassificationMetricsArtifact(f1_score=0.9869992040329, precision_score=0.9854304635761589, recall_score=0.9885729471166622))
[2026-05-29 20:03:55,564] 50 root - INFO - Model Training Completed
