[2026-05-30 13:08:45,595] 18 root - INFO - Initiate data ingestion
[2026-05-30 13:08:45,596] 96 pymongo.serverSelection - INFO - {"message": "Waiting for suitable server to become available", "selector": "Primary()", "operation": "listDatabases", "topologyDescription": "<TopologyDescription id: 6a1a9405ec46e2685d805218, topology_type: ReplicaSetNoPrimary, servers: [<ServerDescription ('ac-jflgynl-shard-00-00.iohdoef.mongodb.net', 27017) server_type: Unknown, rtt: None>, <ServerDescription ('ac-jflgynl-shard-00-01.iohdoef.mongodb.net', 27017) server_type: Unknown, rtt: None>, <ServerDescription ('ac-jflgynl-shard-00-02.iohdoef.mongodb.net', 27017) server_type: Unknown, rtt: None>]>", "clientId": {"$oid": "6a1a9405ec46e2685d805218"}, "remainingTimeMS": 29}
[2026-05-30 13:08:49,028] 90 root - INFO - Performed train test split on the dataframe
[2026-05-30 13:08:49,028] 92 root - INFO - Excited split_data_as_train_test method of Data_Ingestion class
[2026-05-30 13:08:49,029] 99 root - INFO - Exporting train and test file path 
[2026-05-30 13:08:49,113] 108 root - INFO - Exported Train and test file path
[2026-05-30 13:08:49,113] 20 root - INFO - Data initiation Completed
[2026-05-30 13:08:49,115] 25 root - INFO - Initiate data Validation
[2026-05-30 13:08:49,141] 34 root - INFO - Required numbers of columns:2
[2026-05-30 13:08:49,141] 35 root - INFO - Dataframe has columns:31
[2026-05-30 13:08:49,141] 34 root - INFO - Required numbers of columns:2
[2026-05-30 13:08:49,141] 35 root - INFO - Dataframe has columns:31
[2026-05-30 13:08:49,297] 27 root - INFO - Data Validation Completed
[2026-05-30 13:08:49,297] 31 root - INFO - Data transformation started
[2026-05-30 13:08:49,297] 55 root - INFO - Entered initiate data_transformation method of Data Transformation class
[2026-05-30 13:08:49,297] 57 root - INFO - Starting data transformation
[2026-05-30 13:08:49,323] 43 root - INFO - Entered get_data_transformer_object methods of transformation class
[2026-05-30 13:08:49,323] 46 root - INFO - Initialize KNNImputer with {'missing_values': nan, 'n_neighbors': 3, 'weights': 'uniform'}
[2026-05-30 13:08:49,329] 48 root - INFO - Entered the save_obj methods of Make utils class
[2026-05-30 13:08:49,331] 52 root - INFO - Exited the save_obj method of Mainutils class
[2026-05-30 13:08:49,331] 36 root - INFO - Data Transformation completed
[2026-05-30 13:08:49,332] 38 root - INFO - Data Transformation completed
[2026-05-30 13:08:49,332] 48 root - INFO - Model Training Started
[2026-05-30 13:14:27,999] 48 root - INFO - Entered the save_obj methods of Make utils class
[2026-05-30 13:14:28,006] 52 root - INFO - Exited the save_obj method of Mainutils class
[2026-05-30 13:14:28,006] 113 root - INFO - Model Trainer Artifact:ModelTrainerArtifact(trained_model_file_path='Artifacts/05_30_2026_13_08_43/model_trainer/trained_model', trained_metrics_artifact=ClassificationMetricsArtifact(f1_score=0.9910570199031737, precision_score=0.9884648916906982, recall_score=0.9936627789388526), test_metrics_artifact=ClassificationMetricsArtifact(f1_score=0.9895975910210786, precision_score=0.9855507088331515, recall_score=0.9936778449697636))
[2026-05-30 13:14:28,007] 50 root - INFO - Model Training Completed
