[2026-05-30 17:09:24,125] 1025 httpx - INFO - HTTP Request: GET https://dagshub.com/api/v1/user "HTTP/1.1 200 OK"
[2026-05-30 17:09:24,136] 107 dagshub - INFO - Accessing as Kartiksingh007
[2026-05-30 17:09:25,232] 1025 httpx - INFO - HTTP Request: GET https://dagshub.com/api/v1/repos/Kartiksingh007/networksecurity "HTTP/1.1 200 OK"
[2026-05-30 17:09:26,110] 1025 httpx - INFO - HTTP Request: GET https://dagshub.com/api/v1/user "HTTP/1.1 200 OK"
[2026-05-30 17:09:26,114] 107 dagshub - INFO - Initialized MLflow to track repo "Kartiksingh007/networksecurity"
[2026-05-30 17:09:26,115] 107 dagshub - INFO - Repository Kartiksingh007/networksecurity initialized!
[2026-05-30 17:09:26,208] 18 root - INFO - Initiate data ingestion
[2026-05-30 17:09:26,208] 96 pymongo.serverSelection - INFO - {"message": "Waiting for suitable server to become available", "selector": "Primary()", "operation": "listDatabases", "topologyDescription": "<TopologyDescription id: 6a1acc6e7dd3e1f588f00390, topology_type: ReplicaSetNoPrimary, servers: [<ServerDescription ('ac-jflgynl-shard-00-00.iohdoef.mongodb.net', 27017) server_type: Unknown, rtt: None>, <ServerDescription ('ac-jflgynl-shard-00-01.iohdoef.mongodb.net', 27017) server_type: Unknown, rtt: None>, <ServerDescription ('ac-jflgynl-shard-00-02.iohdoef.mongodb.net', 27017) server_type: Unknown, rtt: None>]>", "clientId": {"$oid": "6a1acc6e7dd3e1f588f00390"}, "remainingTimeMS": 29}
[2026-05-30 17:09:28,360] 90 root - INFO - Performed train test split on the dataframe
[2026-05-30 17:09:28,360] 92 root - INFO - Excited split_data_as_train_test method of Data_Ingestion class
[2026-05-30 17:09:28,360] 99 root - INFO - Exporting train and test file path 
[2026-05-30 17:09:28,446] 108 root - INFO - Exported Train and test file path
[2026-05-30 17:09:28,446] 20 root - INFO - Data initiation Completed
[2026-05-30 17:09:28,448] 25 root - INFO - Initiate data Validation
[2026-05-30 17:09:28,475] 34 root - INFO - Required numbers of columns:2
[2026-05-30 17:09:28,475] 35 root - INFO - Dataframe has columns:31
[2026-05-30 17:09:28,475] 34 root - INFO - Required numbers of columns:2
[2026-05-30 17:09:28,475] 35 root - INFO - Dataframe has columns:31
[2026-05-30 17:09:28,623] 27 root - INFO - Data Validation Completed
[2026-05-30 17:09:28,624] 31 root - INFO - Data transformation started
[2026-05-30 17:09:28,624] 55 root - INFO - Entered initiate data_transformation method of Data Transformation class
[2026-05-30 17:09:28,624] 57 root - INFO - Starting data transformation
[2026-05-30 17:09:28,650] 43 root - INFO - Entered get_data_transformer_object methods of transformation class
[2026-05-30 17:09:28,650] 46 root - INFO - Initialize KNNImputer with {'missing_values': nan, 'n_neighbors': 3, 'weights': 'uniform'}
[2026-05-30 17:09:28,657] 48 root - INFO - Entered the save_obj methods of Make utils class
[2026-05-30 17:09:28,660] 52 root - INFO - Exited the save_obj method of Mainutils class
[2026-05-30 17:09:28,660] 36 root - INFO - Data Transformation completed
[2026-05-30 17:09:28,660] 38 root - INFO - Data Transformation completed
[2026-05-30 17:09:28,660] 48 root - INFO - Model Training Started
[2026-05-30 17:15:24,010] 48 root - INFO - Entered the save_obj methods of Make utils class
[2026-05-30 17:15:24,016] 52 root - INFO - Exited the save_obj method of Mainutils class
[2026-05-30 17:15:24,016] 117 root - INFO - Model Trainer Artifact:ModelTrainerArtifact(trained_model_file_path='Artifacts/05_30_2026_17_09_21/model_trainer/model_trainer', trained_metrics_artifact=ClassificationMetricsArtifact(f1_score=0.9905033238366572, precision_score=0.9894965101307854, recall_score=0.9915121884973178), test_metrics_artifact=ClassificationMetricsArtifact(f1_score=0.9913229208383394, precision_score=0.9909260741926875, recall_score=0.9917200854700855))
[2026-05-30 17:15:24,017] 50 root - INFO - Model Training Completed
