[2026-05-30 17:27:08,953] 1025 httpx - INFO - HTTP Request: GET https://dagshub.com/api/v1/user "HTTP/1.1 200 OK"
[2026-05-30 17:27:08,963] 107 dagshub - INFO - Accessing as Kartiksingh007
[2026-05-30 17:27:10,111] 1025 httpx - INFO - HTTP Request: GET https://dagshub.com/api/v1/repos/Kartiksingh007/networksecurity "HTTP/1.1 200 OK"
[2026-05-30 17:27:11,054] 1025 httpx - INFO - HTTP Request: GET https://dagshub.com/api/v1/user "HTTP/1.1 200 OK"
[2026-05-30 17:27:11,056] 107 dagshub - INFO - Initialized MLflow to track repo "Kartiksingh007/networksecurity"
[2026-05-30 17:27:11,057] 107 dagshub - INFO - Repository Kartiksingh007/networksecurity initialized!
[2026-05-30 17:27:11,275] 18 root - INFO - Initiate data ingestion
[2026-05-30 17:27:11,276] 96 pymongo.serverSelection - INFO - {"message": "Waiting for suitable server to become available", "selector": "Primary()", "operation": "listDatabases", "topologyDescription": "<TopologyDescription id: 6a1ad09769acd788a1b69a41, topology_type: ReplicaSetNoPrimary, servers: [<ServerDescription ('ac-jflgynl-shard-00-00.iohdoef.mongodb.net', 27017) server_type: Unknown, rtt: None>, <ServerDescription ('ac-jflgynl-shard-00-01.iohdoef.mongodb.net', 27017) server_type: Unknown, rtt: None>, <ServerDescription ('ac-jflgynl-shard-00-02.iohdoef.mongodb.net', 27017) server_type: Unknown, rtt: None>]>", "clientId": {"$oid": "6a1ad09769acd788a1b69a41"}, "remainingTimeMS": 29}
[2026-05-30 17:27:13,349] 90 root - INFO - Performed train test split on the dataframe
[2026-05-30 17:27:13,349] 92 root - INFO - Excited split_data_as_train_test method of Data_Ingestion class
[2026-05-30 17:27:13,349] 99 root - INFO - Exporting train and test file path 
[2026-05-30 17:27:13,433] 108 root - INFO - Exported Train and test file path
[2026-05-30 17:27:13,433] 20 root - INFO - Data initiation Completed
[2026-05-30 17:27:13,436] 25 root - INFO - Initiate data Validation
[2026-05-30 17:27:13,460] 34 root - INFO - Required numbers of columns:2
[2026-05-30 17:27:13,460] 35 root - INFO - Dataframe has columns:31
[2026-05-30 17:27:13,460] 34 root - INFO - Required numbers of columns:2
[2026-05-30 17:27:13,460] 35 root - INFO - Dataframe has columns:31
[2026-05-30 17:27:13,613] 27 root - INFO - Data Validation Completed
[2026-05-30 17:27:13,613] 31 root - INFO - Data transformation started
[2026-05-30 17:27:13,613] 55 root - INFO - Entered initiate data_transformation method of Data Transformation class
[2026-05-30 17:27:13,613] 57 root - INFO - Starting data transformation
[2026-05-30 17:27:13,639] 43 root - INFO - Entered get_data_transformer_object methods of transformation class
[2026-05-30 17:27:13,639] 46 root - INFO - Initialize KNNImputer with {'missing_values': nan, 'n_neighbors': 3, 'weights': 'uniform'}
[2026-05-30 17:27:13,646] 48 root - INFO - Entered the save_obj methods of Make utils class
[2026-05-30 17:27:13,648] 52 root - INFO - Exited the save_obj method of Mainutils class
[2026-05-30 17:27:13,649] 36 root - INFO - Data Transformation completed
[2026-05-30 17:27:13,649] 38 root - INFO - Data Transformation completed
[2026-05-30 17:27:13,649] 48 root - INFO - Model Training Started
[2026-05-30 17:33:23,549] 48 root - INFO - Entered the save_obj methods of Make utils class
[2026-05-30 17:33:23,570] 52 root - INFO - Exited the save_obj method of Mainutils class
[2026-05-30 17:33:23,570] 117 root - INFO - Model Trainer Artifact:ModelTrainerArtifact(trained_model_file_path='Artifacts/05_30_2026_17_27_06/model_trainer/model.pkl', trained_metrics_artifact=ClassificationMetricsArtifact(f1_score=0.9912090884500947, precision_score=0.9892023215008773, recall_score=0.9932240140940507), test_metrics_artifact=ClassificationMetricsArtifact(f1_score=0.9885951965651415, precision_score=0.9850267379679144, recall_score=0.9921896040937247))
[2026-05-30 17:33:23,571] 50 root - INFO - Model Training Completed
