[2026-05-29 20:06:13,516] 18 root - INFO - Initiate data ingestion
[2026-05-29 20:06:13,517] 96 pymongo.serverSelection - INFO - {"message": "Waiting for suitable server to become available", "selector": "Primary()", "operation": "listDatabases", "topologyDescription": "<TopologyDescription id: 6a19a45d0a2880ea50492fad, topology_type: ReplicaSetNoPrimary, servers: [<ServerDescription ('ac-jflgynl-shard-00-00.iohdoef.mongodb.net', 27017) server_type: Unknown, rtt: None>, <ServerDescription ('ac-jflgynl-shard-00-01.iohdoef.mongodb.net', 27017) server_type: Unknown, rtt: None>, <ServerDescription ('ac-jflgynl-shard-00-02.iohdoef.mongodb.net', 27017) server_type: Unknown, rtt: None>]>", "clientId": {"$oid": "6a19a45d0a2880ea50492fad"}, "remainingTimeMS": 29}
[2026-05-29 20:06:15,986] 90 root - INFO - Performed train test split on the dataframe
[2026-05-29 20:06:15,986] 92 root - INFO - Excited split_data_as_train_test method of Data_Ingestion class
[2026-05-29 20:06:15,986] 99 root - INFO - Exporting train and test file path 
[2026-05-29 20:06:16,070] 108 root - INFO - Exported Train and test file path
[2026-05-29 20:06:16,070] 20 root - INFO - Data initiation Completed
[2026-05-29 20:06:16,073] 25 root - INFO - Initiate data Validation
[2026-05-29 20:06:16,098] 34 root - INFO - Required numbers of columns:2
[2026-05-29 20:06:16,098] 35 root - INFO - Dataframe has columns:31
[2026-05-29 20:06:16,098] 34 root - INFO - Required numbers of columns:2
[2026-05-29 20:06:16,098] 35 root - INFO - Dataframe has columns:31
[2026-05-29 20:06:16,251] 27 root - INFO - Data Validation Completed
[2026-05-29 20:06:16,251] 31 root - INFO - Data transformation started
[2026-05-29 20:06:16,251] 55 root - INFO - Entered initiate data_transformation method of Data Transformation class
[2026-05-29 20:06:16,251] 57 root - INFO - Starting data transformation
[2026-05-29 20:06:16,277] 43 root - INFO - Entered get_data_transformer_object methods of transformation class
[2026-05-29 20:06:16,278] 46 root - INFO - Initialize KNNImputer with {'missing_values': nan, 'n_neighbors': 3, 'weights': 'uniform'}
[2026-05-29 20:06:16,284] 48 root - INFO - Entered the save_obj methods of Make utils class
[2026-05-29 20:06:16,286] 52 root - INFO - Exited the save_obj method of Mainutils class
[2026-05-29 20:06:16,286] 36 root - INFO - Data Transformation completed
[2026-05-29 20:06:16,286] 38 root - INFO - Data Transformation completed
[2026-05-29 20:06:16,286] 48 root - INFO - Model Training Started
[2026-05-29 20:11:55,389] 48 root - INFO - Entered the save_obj methods of Make utils class
[2026-05-29 20:11:55,402] 52 root - INFO - Exited the save_obj method of Mainutils class
[2026-05-29 20:11:55,402] 113 root - INFO - Model Trainer Artifact:ModelTrainerArtifact(trained_model_file_path='Artifacts/05_29_2026_20_06_11/model_trainer/trained_model', trained_metrics_artifact=ClassificationMetricsArtifact(f1_score=0.9903699949315763, precision_score=0.9884662080129503, recall_score=0.9922811293926468), test_metrics_artifact=ClassificationMetricsArtifact(f1_score=0.9923045767517213, precision_score=0.9919028340080972, recall_score=0.9927066450567261))
[2026-05-29 20:11:55,403] 50 root - INFO - Model Training Completed
